<?xml version="1.0" encoding="UTF-8"?>
<coverage generated="1549466829789" clover="3.2.0">
  <project timestamp="1549466829790" name="All files">
    <metrics statements="32" coveredstatements="32" conditionals="15" coveredconditionals="15" methods="17" coveredmethods="17" elements="64" coveredelements="64" complexity="0" loc="32" ncloc="32" packages="1" files="4" classes="4"/>
    <file name="chain.js" path="/Users/sergiov/Documents/projects/sv/meeseeks-js/src/utils/chain.js">
      <metrics statements="7" coveredstatements="7" conditionals="0" coveredconditionals="0" methods="6" coveredmethods="6"/>
      <line num="2" count="2" type="stmt"/>
      <line num="4" count="7" type="stmt"/>
      <line num="5" count="6" type="stmt"/>
      <line num="6" count="5" type="stmt"/>
      <line num="8" count="1" type="stmt"/>
      <line num="13" count="1" type="stmt"/>
      <line num="17" count="1" type="stmt"/>
    </file>
    <file name="mPromise.js" path="/Users/sergiov/Documents/projects/sv/meeseeks-js/src/utils/mPromise.js">
      <metrics statements="12" coveredstatements="12" conditionals="9" coveredconditionals="9" methods="4" coveredmethods="4"/>
      <line num="3" count="5" type="cond" truecount="2" falsecount="0"/>
      <line num="5" count="5" type="cond" truecount="2" falsecount="0"/>
      <line num="6" count="3" type="cond" truecount="2" falsecount="0"/>
      <line num="7" count="3" type="stmt"/>
      <line num="8" count="4" type="stmt"/>
      <line num="11" count="2" type="stmt"/>
      <line num="13" count="5" type="stmt"/>
      <line num="14" count="5" type="stmt"/>
      <line num="15" count="5" type="cond" truecount="2" falsecount="0"/>
      <line num="16" count="2" type="stmt"/>
      <line num="18" count="5" type="stmt"/>
      <line num="23" count="1" type="stmt"/>
    </file>
    <file name="store.js" path="/Users/sergiov/Documents/projects/sv/meeseeks-js/src/utils/store.js">
      <metrics statements="11" coveredstatements="11" conditionals="6" coveredconditionals="6" methods="4" coveredmethods="4"/>
      <line num="3" count="1" type="stmt"/>
      <line num="9" count="2" type="stmt"/>
      <line num="10" count="2" type="cond" truecount="2" falsecount="0"/>
      <line num="11" count="1" type="stmt"/>
      <line num="13" count="2" type="stmt"/>
      <line num="17" count="2" type="cond" truecount="4" falsecount="0"/>
      <line num="18" count="1" type="stmt"/>
      <line num="19" count="1" type="stmt"/>
      <line num="22" count="1" type="stmt"/>
      <line num="26" count="1" type="stmt"/>
      <line num="30" count="1" type="stmt"/>
    </file>
    <file name="to.js" path="/Users/sergiov/Documents/projects/sv/meeseeks-js/src/utils/to.js">
      <metrics statements="2" coveredstatements="2" conditionals="0" coveredconditionals="0" methods="3" coveredmethods="3"/>
      <line num="2" count="2" type="stmt"/>
      <line num="5" count="1" type="stmt"/>
    </file>
  </project>
</coverage>
