TN:
SF:/Users/sergiov/Documents/projects/sv/meeseeks-js/src/utils/chain.js
FN:1,chain
FN:3,(anonymous_1)
FN:4,(anonymous_2)
FN:6,(anonymous_3)
FN:7,(anonymous_4)
FN:12,(anonymous_5)
FNF:6
FNH:6
FNDA:2,chain
FNDA:7,(anonymous_1)
FNDA:6,(anonymous_2)
FNDA:5,(anonymous_3)
FNDA:1,(anonymous_4)
FNDA:1,(anonymous_5)
DA:2,2
DA:4,7
DA:5,6
DA:6,5
DA:8,1
DA:13,1
DA:17,1
LF:7
LH:7
BRF:0
BRH:0
end_of_record
TN:
SF:/Users/sergiov/Documents/projects/sv/meeseeks-js/src/utils/mPromise.js
FN:1,mPromise
FN:7,(anonymous_1)
FN:13,(anonymous_2)
FN:14,(anonymous_3)
FNF:4
FNH:4
FNDA:5,mPromise
FNDA:4,(anonymous_1)
FNDA:5,(anonymous_2)
FNDA:5,(anonymous_3)
DA:3,5
DA:5,5
DA:6,3
DA:7,3
DA:8,4
DA:11,2
DA:13,5
DA:14,5
DA:15,5
DA:16,2
DA:18,5
DA:23,1
LF:12
LH:12
BRDA:1,0,0,3
BRDA:3,1,0,4
BRDA:3,1,1,1
BRDA:5,2,0,3
BRDA:5,2,1,2
BRDA:6,3,0,2
BRDA:6,3,1,1
BRDA:15,4,0,2
BRDA:15,4,1,3
BRF:9
BRH:9
end_of_record
TN:
SF:/Users/sergiov/Documents/projects/sv/meeseeks-js/src/utils/store.js
FN:2,(anonymous_0)
FN:6,(anonymous_1)
FN:16,(anonymous_2)
FN:25,(anonymous_3)
FNF:4
FNH:4
FNDA:1,(anonymous_0)
FNDA:2,(anonymous_1)
FNDA:2,(anonymous_2)
FNDA:1,(anonymous_3)
DA:3,1
DA:9,2
DA:10,2
DA:11,1
DA:13,2
DA:17,2
DA:18,1
DA:19,1
DA:22,1
DA:26,1
DA:30,1
LF:11
LH:11
BRDA:10,0,0,1
BRDA:10,0,1,1
BRDA:17,1,0,1
BRDA:17,1,1,1
BRDA:17,2,0,2
BRDA:17,2,1,2
BRF:6
BRH:6
end_of_record
TN:
SF:/Users/sergiov/Documents/projects/sv/meeseeks-js/src/utils/to.js
FN:1,to
FN:2,(anonymous_1)
FN:2,(anonymous_2)
FNF:3
FNH:3
FNDA:2,to
FNDA:1,(anonymous_1)
FNDA:1,(anonymous_2)
DA:2,2
DA:5,1
LF:2
LH:2
BRF:0
BRH:0
end_of_record
